<?xml version="1.0" encoding="UTF-8"?>
<testng-results ignored="0" total="1" passed="1" failed="0" skipped="0">
  <reporter-output>
  </reporter-output>
  <suite started-at="2018-06-29T12:07:27Z" name="Default suite" finished-at="2018-06-29T12:07:39Z" duration-ms="11623">
    <groups>
    </groups>
    <test started-at="2018-06-29T12:07:27Z" name="Default test" finished-at="2018-06-29T12:07:39Z" duration-ms="11623">
      <class name="OopzExProgs.TestSingletonConcept">
        <test-method is-config="true" signature="beforemethod()[pri:0, instance:OopzExProgs.TestSingletonConcept@10feca44]" started-at="2018-06-29T12:07:27Z" name="beforemethod" finished-at="2018-06-29T12:07:38Z" duration-ms="10797" status="PASS">
          <reporter-output>
          </reporter-output>
        </test-method> <!-- beforemethod -->
        <test-method signature="test()[pri:0, instance:OopzExProgs.TestSingletonConcept@10feca44]" started-at="2018-06-29T12:07:38Z" name="test" finished-at="2018-06-29T12:07:38Z" duration-ms="25" status="PASS">
          <reporter-output>
          </reporter-output>
        </test-method> <!-- test -->
        <test-method is-config="true" signature="teardown()[pri:0, instance:OopzExProgs.TestSingletonConcept@10feca44]" started-at="2018-06-29T12:07:38Z" name="teardown" finished-at="2018-06-29T12:07:39Z" duration-ms="737" status="PASS">
          <reporter-output>
          </reporter-output>
        </test-method> <!-- teardown -->
      </class> <!-- OopzExProgs.TestSingletonConcept -->
    </test> <!-- Default test -->
  </suite> <!-- Default suite -->
</testng-results>
